# JRE version: OpenJDK Runtime Environment (10.0.2+13) (build 10.0.2+13-Ubuntu-1ubuntu0.18.04.4)
# Java VM: OpenJDK 64-Bit Server VM (10.0.2+13-Ubuntu-1ubuntu0.18.04.4, mixed mode, tiered, compressed oops, g1 gc, linux-amd64)
Heap:
 garbage-first heap   total 572416K, used 157696K [0x00000000c4600000, 0x0000000100000000)
  region size 1024K, 2 young (2048K), 2 survivors (2048K)
 Metaspace       used 25541K, capacity 26164K, committed 26624K, reserved 1073152K
  class space    used 2701K, capacity 2951K, committed 3072K, reserved 1048576K
GC Heap History (10 events):
Event: 16,976 GC heap after
{Heap after GC invocations=20 (full 0):
 garbage-first heap   total 107520K, used 89510K [0x00000000c4600000, 0x0000000100000000)
  region size 1024K, 1 young (1024K), 1 survivors (1024K)
 Metaspace       used 25520K, capacity 26100K, committed 26624K, reserved 1073152K
  class space    used 2701K, capacity 2951K, committed 3072K, reserved 1048576K
}
Event: 17,088 GC heap before
{Heap before GC invocations=20 (full 0):
 garbage-first heap   total 107520K, used 93606K [0x00000000c4600000, 0x0000000100000000)
  region size 1024K, 5 young (5120K), 1 survivors (1024K)
 Metaspace       used 25521K, capacity 26100K, committed 26624K, reserved 1073152K
  class space    used 2701K, capacity 2951K, committed 3072K, reserved 1048576K
}
Event: 17,122 GC heap after
{Heap after GC invocations=21 (full 0):
 garbage-first heap   total 302080K, used 94003K [0x00000000c4600000, 0x0000000100000000)
  region size 1024K, 1 young (1024K), 1 survivors (1024K)
 Metaspace       used 25521K, capacity 26100K, committed 26624K, reserved 1073152K
  class space    used 2701K, capacity 2951K, committed 3072K, reserved 1048576K
}
Event: 19,211 GC heap before
{Heap before GC invocations=22 (full 0):
 garbage-first heap   total 302080K, used 121651K [0x00000000c4600000, 0x0000000100000000)
  region size 1024K, 28 young (28672K), 1 survivors (1024K)
 Metaspace       used 25526K, capacity 26100K, committed 26624K, reserved 1073152K
  class space    used 2701K, capacity 2951K, committed 3072K, reserved 1048576K
}
Event: 20,650 GC heap after
{Heap after GC invocations=23 (full 0):
 garbage-first heap   total 302080K, used 121645K [0x00000000c4600000, 0x0000000100000000)
  region size 1024K, 4 young (4096K), 4 survivors (4096K)
 Metaspace       used 25526K, capacity 26100K, committed 26624K, reserved 1073152K
  class space    used 2701K, capacity 2951K, committed 3072K, reserved 1048576K
}
Event: 20,832 GC heap before
{Heap before GC invocations=23 (full 0):
 garbage-first heap   total 302080K, used 131885K [0x00000000c4600000, 0x0000000100000000)
  region size 1024K, 14 young (14336K), 4 survivors (4096K)
 Metaspace       used 25527K, capacity 26164K, committed 26624K, reserved 1073152K
  class space    used 2701K, capacity 2951K, committed 3072K, reserved 1048576K
}
Event: 21,992 GC heap after
{Heap after GC invocations=24 (full 0):
 garbage-first heap   total 302080K, used 132096K [0x00000000c4600000, 0x0000000100000000)
  region size 1024K, 2 young (2048K), 2 survivors (2048K)
 Metaspace       used 25527K, capacity 26164K, committed 26624K, reserved 1073152K
  class space    used 2701K, capacity 2951K, committed 3072K, reserved 1048576K
}
Event: 22,205 GC heap before
{Heap before GC invocations=24 (full 0):
 garbage-first heap   total 302080K, used 144384K [0x00000000c4600000, 0x0000000100000000)
  region size 1024K, 14 young (14336K), 2 survivors (2048K)
 Metaspace       used 25533K, capacity 26164K, committed 26624K, reserved 1073152K
  class space    used 2701K, capacity 2951K, committed 3072K, reserved 1048576K
}
Event: 22,266 GC heap after
{Heap after GC invocations=25 (full 0):
 garbage-first heap   total 302080K, used 144896K [0x00000000c4600000, 0x0000000100000000)
  region size 1024K, 2 young (2048K), 2 survivors (2048K)
 Metaspace       used 25533K, capacity 26164K, committed 26624K, reserved 1073152K
  class space    used 2701K, capacity 2951K, committed 3072K, reserved 1048576K
}
Event: 22,471 GC heap before
{Heap before GC invocations=25 (full 0):
 garbage-first heap   total 302080K, used 157184K [0x00000000c4600000, 0x0000000100000000)
  region size 1024K, 14 young (14336K), 2 survivors (2048K)
 Metaspace       used 25541K, capacity 26164K, committed 26624K, reserved 1073152K
  class space    used 2701K, capacity 2951K, committed 3072K, reserved 1048576K
}

